  [4;36;1mSQL (0.1ms)[0m   [0;1mSET SQL_AUTO_IS_NULL=0[0m
  [4;35;1mSQL (18.5ms)[0m   [0mSHOW TABLES[0m
  [4;36;1mSQL (33.8ms)[0m   [0;1mCREATE TABLE `schema_migrations` (`version` varchar(255) NOT NULL) ENGINE=InnoDB[0m
  [4;35;1mSQL (7.8ms)[0m   [0mCREATE UNIQUE INDEX `unique_schema_migrations` ON `schema_migrations` (`version`)[0m
  [4;36;1mSQL (0.3ms)[0m   [0;1mSHOW TABLES[0m
  [4;35;1mSQL (0.3ms)[0m   [0mSELECT version FROM schema_migrations[0m
Migrating to CreateShops (20091027062056)
  [4;36;1mSQL (0.1ms)[0m   [0;1mSET SQL_AUTO_IS_NULL=0[0m
  [4;35;1mSQL (0.3ms)[0m   [0mSHOW TABLES[0m
  [4;36;1mSQL (0.2ms)[0m   [0;1mSELECT version FROM schema_migrations[0m
Migrating to CreateShops (20091027062056)
  [4;35;1mSQL (4.1ms)[0m   [0mCREATE TABLE `shops` (`id` int(11) DEFAULT NULL auto_increment PRIMARY KEY, `name` varchar(255), `opened` tinyint(1) DEFAULT 1) ENGINE=InnoDB[0m
  [4;36;1mSQL (0.4ms)[0m   [0;1mINSERT INTO schema_migrations (version) VALUES ('20091027062056')[0m
  [4;35;1mSQL (0.3ms)[0m   [0mSHOW TABLES[0m
  [4;36;1mSQL (0.2ms)[0m   [0;1mSELECT version FROM schema_migrations[0m
  [4;35;1mSQL (0.2ms)[0m   [0mSHOW TABLES[0m
  [4;36;1mSQL (0.8ms)[0m   [0;1mSHOW FIELDS FROM `shops`[0m
  [4;35;1mSQL (0.7ms)[0m   [0mdescribe `shops`[0m
  [4;36;1mSQL (0.3ms)[0m   [0;1mSHOW KEYS FROM `shops`[0m
  [4;36;1mSQL (0.3ms)[0m   [0;1mSET SQL_AUTO_IS_NULL=0[0m


Processing ShopsController#index (for 127.0.0.1 at 2009-10-27 08:38:52) [GET]
  [4;35;1mShop Load (0.9ms)[0m   [0mSELECT * FROM `shops` [0m
Rendering template within layouts/shops
Rendering shops/index
Completed in 128ms (View: 103, DB: 1) | 200 OK [http://localhost/shops]
  [4;36;1mSQL (0.2ms)[0m   [0;1mSET SQL_AUTO_IS_NULL=0[0m


Processing ShopsController#new (for 127.0.0.1 at 2009-10-27 08:38:54) [GET]
  [4;35;1mShop Columns (1.8ms)[0m   [0mSHOW FIELDS FROM `shops`[0m
Rendering template within layouts/shops
Rendering shops/new
Completed in 44ms (View: 24, DB: 2) | 200 OK [http://localhost/shops/new]
  [4;36;1mSQL (0.2ms)[0m   [0;1mSET SQL_AUTO_IS_NULL=0[0m


Processing ShopsController#create (for 127.0.0.1 at 2009-10-27 08:39:02) [POST]
  Parameters: {"shop"=>{"name"=>"first", "opened"=>"1"}, "commit"=>"Create", "authenticity_token"=>"NBf39wr9hgb3A+vjhs5p+jbcrEXlA4ZA7a6+LEyDtS8="}
  [4;35;1mShop Columns (1.8ms)[0m   [0mSHOW FIELDS FROM `shops`[0m
  [4;36;1mSQL (0.3ms)[0m   [0;1mBEGIN[0m
  [4;35;1mShop Create (0.6ms)[0m   [0mINSERT INTO `shops` (`name`, `opened`) VALUES('first', 1)[0m
  [4;36;1mSQL (5.9ms)[0m   [0;1mCOMMIT[0m
Redirected to http://localhost:3000/shops/1
Completed in 84ms (DB: 9) | 302 Found [http://localhost/shops]
  [4;35;1mSQL (0.2ms)[0m   [0mSET SQL_AUTO_IS_NULL=0[0m


Processing ShopsController#show (for 127.0.0.1 at 2009-10-27 08:39:02) [GET]
  Parameters: {"id"=>"1"}
  [4;36;1mShop Columns (2.1ms)[0m   [0;1mSHOW FIELDS FROM `shops`[0m
  [4;35;1mShop Load (10.4ms)[0m   [0mSELECT * FROM `shops` WHERE (`shops`.`id` = 1) [0m
Rendering template within layouts/shops
Rendering shops/show
Completed in 51ms (View: 19, DB: 13) | 200 OK [http://localhost/shops/1]
  [4;36;1mSQL (0.2ms)[0m   [0;1mSET SQL_AUTO_IS_NULL=0[0m


Processing ShopsController#edit (for 127.0.0.1 at 2009-10-27 08:39:13) [GET]
  Parameters: {"id"=>"1"}
  [4;35;1mShop Columns (1.8ms)[0m   [0mSHOW FIELDS FROM `shops`[0m
  [4;36;1mShop Load (0.7ms)[0m   [0;1mSELECT * FROM `shops` WHERE (`shops`.`id` = 1) [0m
Rendering template within layouts/shops
Rendering shops/edit
Completed in 54ms (View: 33, DB: 3) | 200 OK [http://localhost/shops/1/edit]
  [4;35;1mSQL (0.2ms)[0m   [0mSET SQL_AUTO_IS_NULL=0[0m


Processing ShopsController#update (for 127.0.0.1 at 2009-10-27 08:39:15) [PUT]
  Parameters: {"shop"=>{"name"=>"first", "opened"=>"0"}, "commit"=>"Update", "authenticity_token"=>"NBf39wr9hgb3A+vjhs5p+jbcrEXlA4ZA7a6+LEyDtS8=", "id"=>"1"}
  [4;36;1mShop Columns (1.8ms)[0m   [0;1mSHOW FIELDS FROM `shops`[0m
  [4;35;1mShop Load (0.7ms)[0m   [0mSELECT * FROM `shops` WHERE (`shops`.`id` = 1) [0m
  [4;36;1mSQL (0.3ms)[0m   [0;1mBEGIN[0m
  [4;35;1mShop Update (0.7ms)[0m   [0mUPDATE `shops` SET `opened` = 0 WHERE `id` = 1[0m
  [4;36;1mSQL (2.0ms)[0m   [0;1mCOMMIT[0m
Redirected to http://localhost:3000/shops/1
Completed in 33ms (DB: 6) | 302 Found [http://localhost/shops/1]
  [4;35;1mSQL (0.2ms)[0m   [0mSET SQL_AUTO_IS_NULL=0[0m


Processing ShopsController#show (for 127.0.0.1 at 2009-10-27 08:39:15) [GET]
  Parameters: {"id"=>"1"}
  [4;36;1mShop Columns (1.8ms)[0m   [0;1mSHOW FIELDS FROM `shops`[0m
  [4;35;1mShop Load (0.7ms)[0m   [0mSELECT * FROM `shops` WHERE (`shops`.`id` = 1) [0m
Rendering template within layouts/shops
Rendering shops/show
Completed in 31ms (View: 9, DB: 3) | 200 OK [http://localhost/shops/1]
  [4;36;1mSQL (0.2ms)[0m   [0;1mSET SQL_AUTO_IS_NULL=0[0m


Processing ShopsController#edit (for 127.0.0.1 at 2009-10-27 08:39:18) [GET]
  Parameters: {"id"=>"1"}
  [4;35;1mShop Columns (2.0ms)[0m   [0mSHOW FIELDS FROM `shops`[0m
  [4;36;1mShop Load (0.7ms)[0m   [0;1mSELECT * FROM `shops` WHERE (`shops`.`id` = 1) [0m
Rendering template within layouts/shops
Rendering shops/edit
Completed in 34ms (View: 14, DB: 3) | 200 OK [http://localhost/shops/1/edit]
  [4;35;1mSQL (0.6ms)[0m   [0mSET SQL_AUTO_IS_NULL=0[0m


Processing ShopsController#update (for 127.0.0.1 at 2009-10-27 08:39:20) [PUT]
  Parameters: {"shop"=>{"name"=>"first", "opened"=>"1"}, "commit"=>"Update", "authenticity_token"=>"NBf39wr9hgb3A+vjhs5p+jbcrEXlA4ZA7a6+LEyDtS8=", "id"=>"1"}
  [4;36;1mShop Columns (1.9ms)[0m   [0;1mSHOW FIELDS FROM `shops`[0m
  [4;35;1mShop Load (0.7ms)[0m   [0mSELECT * FROM `shops` WHERE (`shops`.`id` = 1) [0m
  [4;36;1mSQL (0.3ms)[0m   [0;1mBEGIN[0m
  [4;35;1mShop Update (0.6ms)[0m   [0mUPDATE `shops` SET `opened` = 1 WHERE `id` = 1[0m
  [4;36;1mSQL (2.9ms)[0m   [0;1mCOMMIT[0m
Redirected to http://localhost:3000/shops/1
Completed in 35ms (DB: 7) | 302 Found [http://localhost/shops/1]
  [4;35;1mSQL (0.2ms)[0m   [0mSET SQL_AUTO_IS_NULL=0[0m


Processing ShopsController#show (for 127.0.0.1 at 2009-10-27 08:39:20) [GET]
  Parameters: {"id"=>"1"}
  [4;36;1mShop Columns (1.8ms)[0m   [0;1mSHOW FIELDS FROM `shops`[0m
  [4;35;1mShop Load (0.7ms)[0m   [0mSELECT * FROM `shops` WHERE (`shops`.`id` = 1) [0m
Rendering template within layouts/shops
Rendering shops/show
Completed in 29ms (View: 8, DB: 3) | 200 OK [http://localhost/shops/1]
  [4;36;1mSQL (0.2ms)[0m   [0;1mSET SQL_AUTO_IS_NULL=0[0m


Processing ShopsController#show (for 127.0.0.1 at 2009-10-27 08:42:27) [GET]
  Parameters: {"id"=>"1"}
  [4;35;1mShop Columns (1.8ms)[0m   [0mSHOW FIELDS FROM `shops`[0m
  [4;36;1mShop Load (0.6ms)[0m   [0;1mSELECT * FROM `shops` WHERE (`shops`.`id` = 1) [0m
Rendering template within layouts/shops
Rendering shops/show
Completed in 35ms (View: 9, DB: 3) | 200 OK [http://localhost/shops/1]
  [4;35;1mSQL (0.2ms)[0m   [0mSET SQL_AUTO_IS_NULL=0[0m


Processing ShopsController#index (for 127.0.0.1 at 2009-10-27 08:42:31) [GET]
  [4;36;1mShop Load (0.8ms)[0m   [0;1mSELECT * FROM `shops` [0m
Rendering template within layouts/shops
Rendering shops/index
  [4;35;1mShop Columns (1.8ms)[0m   [0mSHOW FIELDS FROM `shops`[0m
Completed in 31ms (View: 12, DB: 3) | 200 OK [http://localhost/shops/]
  [4;36;1mSQL (0.2ms)[0m   [0;1mSET SQL_AUTO_IS_NULL=0[0m


Processing ShopsController#show (for 127.0.0.1 at 2009-10-27 08:42:36) [GET]
  Parameters: {"id"=>"1"}
  [4;35;1mShop Columns (1.8ms)[0m   [0mSHOW FIELDS FROM `shops`[0m
  [4;36;1mShop Load (0.6ms)[0m   [0;1mSELECT * FROM `shops` WHERE (`shops`.`id` = 1) [0m
Rendering template within layouts/shops
Rendering shops/show
Completed in 28ms (View: 8, DB: 3) | 200 OK [http://localhost/shops/1]
  [4;35;1mSQL (0.2ms)[0m   [0mSET SQL_AUTO_IS_NULL=0[0m


Processing ShopsController#new (for 127.0.0.1 at 2009-10-27 08:43:07) [GET]
  [4;36;1mShop Columns (1.9ms)[0m   [0;1mSHOW FIELDS FROM `shops`[0m
Rendering template within layouts/shops
Rendering shops/new
Completed in 33ms (View: 14, DB: 2) | 200 OK [http://localhost/shops/new]
  [4;35;1mSQL (0.2ms)[0m   [0mSET SQL_AUTO_IS_NULL=0[0m


Processing ShopsController#create (for 127.0.0.1 at 2009-10-27 08:43:12) [POST]
  Parameters: {"shop"=>{"name"=>"second", "opened"=>"1"}, "commit"=>"Create", "authenticity_token"=>"NBf39wr9hgb3A+vjhs5p+jbcrEXlA4ZA7a6+LEyDtS8="}
  [4;36;1mShop Columns (1.8ms)[0m   [0;1mSHOW FIELDS FROM `shops`[0m
  [4;35;1mSQL (0.2ms)[0m   [0mBEGIN[0m
  [4;36;1mShop Create (0.6ms)[0m   [0;1mINSERT INTO `shops` (`name`, `opened`) VALUES('second', 1)[0m
  [4;35;1mSQL (1.7ms)[0m   [0mCOMMIT[0m
Redirected to http://localhost:3000/shops/2
Completed in 31ms (DB: 5) | 302 Found [http://localhost/shops]
  [4;36;1mSQL (0.2ms)[0m   [0;1mSET SQL_AUTO_IS_NULL=0[0m


Processing ShopsController#show (for 127.0.0.1 at 2009-10-27 08:43:12) [GET]
  Parameters: {"id"=>"2"}
  [4;35;1mShop Columns (1.8ms)[0m   [0mSHOW FIELDS FROM `shops`[0m
  [4;36;1mShop Load (0.6ms)[0m   [0;1mSELECT * FROM `shops` WHERE (`shops`.`id` = 2) [0m
Rendering template within layouts/shops
Rendering shops/show
Completed in 28ms (View: 8, DB: 3) | 200 OK [http://localhost/shops/2]
  [4;35;1mSQL (0.2ms)[0m   [0mSET SQL_AUTO_IS_NULL=0[0m


Processing ShopsController#index (for 127.0.0.1 at 2009-10-27 08:43:18) [GET]
  [4;36;1mShop Load (0.6ms)[0m   [0;1mSELECT * FROM `shops` [0m
Rendering template within layouts/shops
Rendering shops/index
  [4;35;1mShop Columns (1.8ms)[0m   [0mSHOW FIELDS FROM `shops`[0m
Completed in 34ms (View: 15, DB: 3) | 200 OK [http://localhost/shops]
  [4;36;1mSQL (0.2ms)[0m   [0;1mSET SQL_AUTO_IS_NULL=0[0m


Processing ShopsController#index (for 127.0.0.1 at 2009-10-27 08:44:01) [GET]
  [4;35;1mShop Load (0.6ms)[0m   [0mSELECT * FROM `shops` [0m
Rendering shops/index
  [4;36;1mShop Columns (1.5ms)[0m   [0;1mSHOW FIELDS FROM `shops`[0m
Completed in 37ms (View: 14, DB: 2) | 200 OK [http://localhost/shops]
  [4;35;1mSQL (0.2ms)[0m   [0mSET SQL_AUTO_IS_NULL=0[0m


Processing ShopsController#new (for 127.0.0.1 at 2009-10-27 08:44:05) [GET]
  [4;36;1mShop Columns (1.8ms)[0m   [0;1mSHOW FIELDS FROM `shops`[0m
Rendering shops/new
Completed in 27ms (View: 9, DB: 2) | 200 OK [http://localhost/shops/new]
  [4;35;1mSQL (0.2ms)[0m   [0mSET SQL_AUTO_IS_NULL=0[0m


Processing ShopsController#create (for 127.0.0.1 at 2009-10-27 08:44:11) [POST]
  Parameters: {"shop"=>{"name"=>"ss", "opened"=>"1"}, "commit"=>"Create", "authenticity_token"=>"NBf39wr9hgb3A+vjhs5p+jbcrEXlA4ZA7a6+LEyDtS8="}
  [4;36;1mShop Columns (1.8ms)[0m   [0;1mSHOW FIELDS FROM `shops`[0m
  [4;35;1mSQL (0.2ms)[0m   [0mBEGIN[0m
  [4;36;1mShop Create (0.5ms)[0m   [0;1mINSERT INTO `shops` (`name`, `opened`) VALUES('ss', 1)[0m
  [4;35;1mSQL (12.8ms)[0m   [0mCOMMIT[0m
Redirected to http://localhost:3000/shops/3
Completed in 41ms (DB: 16) | 302 Found [http://localhost/shops]
  [4;36;1mSQL (0.2ms)[0m   [0;1mSET SQL_AUTO_IS_NULL=0[0m


Processing ShopsController#show (for 127.0.0.1 at 2009-10-27 08:44:11) [GET]
  Parameters: {"id"=>"3"}
  [4;35;1mShop Columns (1.9ms)[0m   [0mSHOW FIELDS FROM `shops`[0m
  [4;36;1mShop Load (0.6ms)[0m   [0;1mSELECT * FROM `shops` WHERE (`shops`.`id` = 3) [0m
Rendering shops/show
Completed in 25ms (View: 5, DB: 3) | 200 OK [http://localhost/shops/3]
  [4;35;1mSQL (0.3ms)[0m   [0mSET SQL_AUTO_IS_NULL=0[0m


Processing ShopsController#index (for 127.0.0.1 at 2009-10-27 08:44:13) [GET]
  [4;36;1mShop Load (0.7ms)[0m   [0;1mSELECT * FROM `shops` [0m
Rendering shops/index
  [4;35;1mShop Columns (2.7ms)[0m   [0mSHOW FIELDS FROM `shops`[0m
Completed in 40ms (View: 20, DB: 4) | 200 OK [http://localhost/shops]
  [4;36;1mSQL (0.2ms)[0m   [0;1mSET SQL_AUTO_IS_NULL=0[0m


Processing ShopsController#edit (for 127.0.0.1 at 2009-10-27 08:44:15) [GET]
  Parameters: {"id"=>"1"}
  [4;35;1mShop Columns (1.8ms)[0m   [0mSHOW FIELDS FROM `shops`[0m
  [4;36;1mShop Load (0.6ms)[0m   [0;1mSELECT * FROM `shops` WHERE (`shops`.`id` = 1) [0m
Rendering shops/edit
Completed in 31ms (View: 11, DB: 3) | 200 OK [http://localhost/shops/1/edit]
  [4;35;1mSQL (0.2ms)[0m   [0mSET SQL_AUTO_IS_NULL=0[0m


Processing ShopsController#index (for 127.0.0.1 at 2009-10-27 08:44:18) [GET]
  [4;36;1mShop Load (0.7ms)[0m   [0;1mSELECT * FROM `shops` [0m
Rendering shops/index
  [4;35;1mShop Columns (1.8ms)[0m   [0mSHOW FIELDS FROM `shops`[0m
Completed in 170ms (View: 16, DB: 3) | 200 OK [http://localhost/shops]
